C:\Program Files (x86)\Microsoft Visual Studio\2019\Community\MSBuild\Microsoft\VC\v160\Microsoft.CppBuild.targets(513,5): warning MSB8028: The intermediate directory (x64\Debug\) contains files shared from another project (Game.vcxproj).  This can lead to incorrect clean and rebuild behavior.
  CLevelMaker.cpp
C:\Users\GGPC\Documents\GitHub\GD2S02-Assesment\Level Editor\Game\CLevelMaker.cpp(37,59): warning C4244: 'argument': conversion from 'int' to 'T', possible loss of data
          with
          [
              T=float
          ]
C:\Users\GGPC\Documents\GitHub\GD2S02-Assesment\Level Editor\Game\CLevelMaker.cpp(37,49): warning C4244: 'argument': conversion from 'int' to 'T', possible loss of data
          with
          [
              T=float
          ]
C:\Users\GGPC\Documents\GitHub\GD2S02-Assesment\Level Editor\Game\CLevelMaker.cpp(41,61): warning C4244: 'argument': conversion from 'int' to 'T', possible loss of data
          with
          [
              T=float
          ]
C:\Users\GGPC\Documents\GitHub\GD2S02-Assesment\Level Editor\Game\CLevelMaker.cpp(41,51): warning C4244: 'argument': conversion from 'int' to 'T', possible loss of data
          with
          [
              T=float
          ]
C:\Users\GGPC\Documents\GitHub\GD2S02-Assesment\Level Editor\Game\CLevelMaker.cpp(59,62): warning C4244: 'argument': conversion from 'int' to 'T', possible loss of data
          with
          [
              T=float
          ]
C:\Users\GGPC\Documents\GitHub\GD2S02-Assesment\Level Editor\Game\CLevelMaker.cpp(59,52): warning C4244: 'argument': conversion from 'int' to 'T', possible loss of data
          with
          [
              T=float
          ]
C:\Users\GGPC\Documents\GitHub\GD2S02-Assesment\Level Editor\Game\CLevelMaker.cpp(59,68): warning C4244: 'argument': conversion from 'int' to 'float', possible loss of data
C:\Users\GGPC\Documents\GitHub\GD2S02-Assesment\Level Editor\Game\CLevelMaker.cpp(63,60): warning C4244: 'argument': conversion from 'int' to 'T', possible loss of data
          with
          [
              T=float
          ]
C:\Users\GGPC\Documents\GitHub\GD2S02-Assesment\Level Editor\Game\CLevelMaker.cpp(63,50): warning C4244: 'argument': conversion from 'int' to 'T', possible loss of data
          with
          [
              T=float
          ]
C:\Users\GGPC\Documents\GitHub\GD2S02-Assesment\Level Editor\Game\CLevelMaker.cpp(63,66): warning C4244: 'argument': conversion from 'int' to 'float', possible loss of data
C:\Users\GGPC\Documents\GitHub\GD2S02-Assesment\Level Editor\Game\CLevelMaker.cpp(227,65): warning C4244: 'argument': conversion from 'int' to 'T', possible loss of data
          with
          [
              T=float
          ]
C:\Users\GGPC\Documents\GitHub\GD2S02-Assesment\Level Editor\Game\CLevelMaker.cpp(227,55): warning C4244: 'argument': conversion from 'int' to 'T', possible loss of data
          with
          [
              T=float
          ]
C:\Users\GGPC\Documents\GitHub\GD2S02-Assesment\Level Editor\Game\CLevelMaker.cpp(231,63): warning C4244: 'argument': conversion from 'int' to 'T', possible loss of data
          with
          [
              T=float
          ]
C:\Users\GGPC\Documents\GitHub\GD2S02-Assesment\Level Editor\Game\CLevelMaker.cpp(231,53): warning C4244: 'argument': conversion from 'int' to 'T', possible loss of data
          with
          [
              T=float
          ]
  main.cpp
  Generating Code...
  Game.vcxproj -> C:\Users\GGPC\Documents\GitHub\GD2S02-Assesment\Level Editor\x64\Debug\Level Editor.exe
