  CManager.cpp
C:\Users\GGPC\Documents\GitHub\GD2S02-Assesment\Game\Game\CManager.cpp(35,70): warning C4244: 'argument': conversion from 'T' to 'unsigned int', possible loss of data
          with
          [
              T=float
          ]
C:\Users\GGPC\Documents\GitHub\GD2S02-Assesment\Game\Game\CManager.cpp(35,56): warning C4244: 'argument': conversion from 'T' to 'unsigned int', possible loss of data
          with
          [
              T=float
          ]
  CGameObject.cpp
C:\Users\GGPC\Documents\GitHub\GD2S02-Assesment\Game\Game\CGameObject.cpp(8,48): warning C4150: deletion of pointer to incomplete type 'CPhysicsBody'; no destructor called
C:\Users\GGPC\Documents\GitHub\GD2S02-Assesment\Game\Game\CGameObject.h(7): message : see declaration of 'CPhysicsBody'
  CPhysicsBody.cpp
  CWall.cpp
  main.cpp
  CPlayer.cpp
C:\Users\GGPC\Documents\GitHub\GD2S02-Assesment\Game\Game\CPlayer.cpp(46,56): warning C4244: 'argument': conversion from 'int' to 'float', possible loss of data
C:\Users\GGPC\Documents\GitHub\GD2S02-Assesment\Game\Game\CPlayer.cpp(45,57): warning C4244: 'argument': conversion from 'int' to 'float', possible loss of data
  Generating Code...
CManager.obj : error LNK2019: unresolved external symbol "public: __thiscall b2World::b2World(struct b2Vec2 const &)" (??0b2World@@QAE@ABUb2Vec2@@@Z) referenced in function "public: __thiscall CManager::CManager(void)" (??0CManager@@QAE@XZ)
CManager.obj : error LNK2019: unresolved external symbol "public: __thiscall b2World::~b2World(void)" (??1b2World@@QAE@XZ) referenced in function "public: void * __thiscall b2World::`scalar deleting destructor'(unsigned int)" (??_Gb2World@@QAEPAXI@Z)
CManager.obj : error LNK2019: unresolved external symbol "public: void __thiscall b2World::Step(float,int,int)" (?Step@b2World@@QAEXMHH@Z) referenced in function "public: void __thiscall CManager::Update(void)" (?Update@CManager@@QAEXXZ)
CPhysicsBody.obj : error LNK2019: unresolved external symbol "public: class b2Fixture * __thiscall b2Body::CreateFixture(struct b2FixtureDef const *)" (?CreateFixture@b2Body@@QAEPAVb2Fixture@@PBUb2FixtureDef@@@Z) referenced in function "public: void __thiscall CPhysicsBody::SetupBody(void)" (?SetupBody@CPhysicsBody@@QAEXXZ)
CPhysicsBody.obj : error LNK2019: unresolved external symbol "public: class b2Body * __thiscall b2World::CreateBody(struct b2BodyDef const *)" (?CreateBody@b2World@@QAEPAVb2Body@@PBUb2BodyDef@@@Z) referenced in function "public: void __thiscall CPhysicsBody::SetupBody(void)" (?SetupBody@CPhysicsBody@@QAEXXZ)
CPhysicsBody.obj : error LNK2019: unresolved external symbol "public: void __thiscall b2World::DestroyBody(class b2Body *)" (?DestroyBody@b2World@@QAEXPAVb2Body@@@Z) referenced in function "public: __thiscall CPhysicsBody::~CPhysicsBody(void)" (??1CPhysicsBody@@QAE@XZ)
CWall.obj : error LNK2001: unresolved external symbol "public: virtual class b2Shape * __thiscall b2PolygonShape::Clone(class b2BlockAllocator *)const " (?Clone@b2PolygonShape@@UBEPAVb2Shape@@PAVb2BlockAllocator@@@Z)
CWall.obj : error LNK2001: unresolved external symbol "public: virtual int __thiscall b2PolygonShape::GetChildCount(void)const " (?GetChildCount@b2PolygonShape@@UBEHXZ)
CWall.obj : error LNK2019: unresolved external symbol "public: void __thiscall b2PolygonShape::SetAsBox(float,float)" (?SetAsBox@b2PolygonShape@@QAEXMM@Z) referenced in function "public: __thiscall CWall::CWall(void)" (??0CWall@@QAE@XZ)
CWall.obj : error LNK2001: unresolved external symbol "public: virtual bool __thiscall b2PolygonShape::TestPoint(struct b2Transform const &,struct b2Vec2 const &)const " (?TestPoint@b2PolygonShape@@UBE_NABUb2Transform@@ABUb2Vec2@@@Z)
CWall.obj : error LNK2001: unresolved external symbol "public: virtual bool __thiscall b2PolygonShape::RayCast(struct b2RayCastOutput *,struct b2RayCastInput const &,struct b2Transform const &,int)const " (?RayCast@b2PolygonShape@@UBE_NPAUb2RayCastOutput@@ABUb2RayCastInput@@ABUb2Transform@@H@Z)
CWall.obj : error LNK2001: unresolved external symbol "public: virtual void __thiscall b2PolygonShape::ComputeAABB(struct b2AABB *,struct b2Transform const &,int)const " (?ComputeAABB@b2PolygonShape@@UBEXPAUb2AABB@@ABUb2Transform@@H@Z)
CWall.obj : error LNK2001: unresolved external symbol "public: virtual void __thiscall b2PolygonShape::ComputeMass(struct b2MassData *,float)const " (?ComputeMass@b2PolygonShape@@UBEXPAUb2MassData@@M@Z)
CPlayer.obj : error LNK2001: unresolved external symbol "public: virtual class b2Shape * __thiscall b2CircleShape::Clone(class b2BlockAllocator *)const " (?Clone@b2CircleShape@@UBEPAVb2Shape@@PAVb2BlockAllocator@@@Z)
CPlayer.obj : error LNK2001: unresolved external symbol "public: virtual int __thiscall b2CircleShape::GetChildCount(void)const " (?GetChildCount@b2CircleShape@@UBEHXZ)
CPlayer.obj : error LNK2001: unresolved external symbol "public: virtual bool __thiscall b2CircleShape::TestPoint(struct b2Transform const &,struct b2Vec2 const &)const " (?TestPoint@b2CircleShape@@UBE_NABUb2Transform@@ABUb2Vec2@@@Z)
CPlayer.obj : error LNK2001: unresolved external symbol "public: virtual bool __thiscall b2CircleShape::RayCast(struct b2RayCastOutput *,struct b2RayCastInput const &,struct b2Transform const &,int)const " (?RayCast@b2CircleShape@@UBE_NPAUb2RayCastOutput@@ABUb2RayCastInput@@ABUb2Transform@@H@Z)
CPlayer.obj : error LNK2001: unresolved external symbol "public: virtual void __thiscall b2CircleShape::ComputeAABB(struct b2AABB *,struct b2Transform const &,int)const " (?ComputeAABB@b2CircleShape@@UBEXPAUb2AABB@@ABUb2Transform@@H@Z)
CPlayer.obj : error LNK2001: unresolved external symbol "public: virtual void __thiscall b2CircleShape::ComputeMass(struct b2MassData *,float)const " (?ComputeMass@b2CircleShape@@UBEXPAUb2MassData@@M@Z)
C:\Users\GGPC\Documents\GitHub\GD2S02-Assesment\Game\Debug\Game.exe : fatal error LNK1120: 19 unresolved externals
