  CBullet.cpp
  CGameObject.cpp
  CGun.cpp
  CHealthBar.cpp
  CLevelMaker.cpp
C:\Users\GGPC\Documents\GitHub\GD2S02-Assesment\Game\Game\CLevelMaker.cpp(149,64): warning C4244: 'argument': conversion from 'int' to 'T', possible loss of data
          with
          [
              T=float
          ]
C:\Users\GGPC\Documents\GitHub\GD2S02-Assesment\Game\Game\CLevelMaker.cpp(149,50): warning C4244: 'argument': conversion from 'int' to 'T', possible loss of data
          with
          [
              T=float
          ]
C:\Users\GGPC\Documents\GitHub\GD2S02-Assesment\Game\Game\CLevelMaker.cpp(152,62): warning C4244: 'argument': conversion from 'int' to 'T', possible loss of data
          with
          [
              T=float
          ]
C:\Users\GGPC\Documents\GitHub\GD2S02-Assesment\Game\Game\CLevelMaker.cpp(152,48): warning C4244: 'argument': conversion from 'int' to 'T', possible loss of data
          with
          [
              T=float
          ]
C:\Users\GGPC\Documents\GitHub\GD2S02-Assesment\Game\Game\CLevelMaker.cpp(155,62): warning C4244: 'argument': conversion from 'int' to 'T', possible loss of data
          with
          [
              T=float
          ]
C:\Users\GGPC\Documents\GitHub\GD2S02-Assesment\Game\Game\CLevelMaker.cpp(155,48): warning C4244: 'argument': conversion from 'int' to 'T', possible loss of data
          with
          [
              T=float
          ]
C:\Users\GGPC\Documents\GitHub\GD2S02-Assesment\Game\Game\CLevelMaker.cpp(158,67): warning C4244: 'argument': conversion from 'int' to 'T', possible loss of data
          with
          [
              T=float
          ]
C:\Users\GGPC\Documents\GitHub\GD2S02-Assesment\Game\Game\CLevelMaker.cpp(158,53): warning C4244: 'argument': conversion from 'int' to 'T', possible loss of data
          with
          [
              T=float
          ]
C:\Users\GGPC\Documents\GitHub\GD2S02-Assesment\Game\Game\CLevelMaker.cpp(161,64): warning C4244: 'argument': conversion from 'int' to 'T', possible loss of data
          with
          [
              T=float
          ]
C:\Users\GGPC\Documents\GitHub\GD2S02-Assesment\Game\Game\CLevelMaker.cpp(161,50): warning C4244: 'argument': conversion from 'int' to 'T', possible loss of data
          with
          [
              T=float
          ]
  CManager.cpp
C:\Users\GGPC\Documents\GitHub\GD2S02-Assesment\Game\Game\CManager.cpp(89,70): warning C4244: 'argument': conversion from 'T' to 'unsigned int', possible loss of data
          with
          [
              T=float
          ]
C:\Users\GGPC\Documents\GitHub\GD2S02-Assesment\Game\Game\CManager.cpp(89,56): warning C4244: 'argument': conversion from 'T' to 'unsigned int', possible loss of data
          with
          [
              T=float
          ]
C:\Users\GGPC\Documents\GitHub\GD2S02-Assesment\Game\Game\CManager.cpp(128,48): warning C4267: 'initializing': conversion from 'size_t' to 'int', possible loss of data
C:\Users\GGPC\Documents\GitHub\GD2S02-Assesment\Game\Game\CManager.cpp(128,48): warning C4267: 'initializing': conversion from 'size_t' to 'const int', possible loss of data
  CMapSelector.cpp
C:\Users\GGPC\Documents\GitHub\GD2S02-Assesment\Game\Game\CMapSelector.cpp(28,74): warning C4244: 'argument': conversion from 'int' to 'T', possible loss of data
          with
          [
              T=float
          ]
C:\Users\GGPC\Documents\GitHub\GD2S02-Assesment\Game\Game\CMapSelector.cpp(28,61): warning C4244: 'argument': conversion from 'int' to 'T', possible loss of data
          with
          [
              T=float
          ]
C:\Users\GGPC\Documents\GitHub\GD2S02-Assesment\Game\Game\CMapSelector.cpp(30,61): warning C4244: 'argument': conversion from 'int' to 'float', possible loss of data
C:\Users\GGPC\Documents\GitHub\GD2S02-Assesment\Game\Game\CMapSelector.cpp(30,45): warning C4244: 'argument': conversion from 'int' to 'float', possible loss of data
C:\Users\GGPC\Documents\GitHub\GD2S02-Assesment\Game\Game\CMapSelector.cpp(34,74): warning C4244: 'argument': conversion from 'int' to 'T', possible loss of data
          with
          [
              T=float
          ]
C:\Users\GGPC\Documents\GitHub\GD2S02-Assesment\Game\Game\CMapSelector.cpp(34,61): warning C4244: 'argument': conversion from 'int' to 'T', possible loss of data
          with
          [
              T=float
          ]
C:\Users\GGPC\Documents\GitHub\GD2S02-Assesment\Game\Game\CMapSelector.cpp(36,61): warning C4244: 'argument': conversion from 'int' to 'float', possible loss of data
C:\Users\GGPC\Documents\GitHub\GD2S02-Assesment\Game\Game\CMapSelector.cpp(36,45): warning C4244: 'argument': conversion from 'int' to 'float', possible loss of data
C:\Users\GGPC\Documents\GitHub\GD2S02-Assesment\Game\Game\CMapSelector.cpp(40,74): warning C4244: 'argument': conversion from 'int' to 'T', possible loss of data
          with
          [
              T=float
          ]
C:\Users\GGPC\Documents\GitHub\GD2S02-Assesment\Game\Game\CMapSelector.cpp(40,61): warning C4244: 'argument': conversion from 'int' to 'T', possible loss of data
          with
          [
              T=float
          ]
C:\Users\GGPC\Documents\GitHub\GD2S02-Assesment\Game\Game\CMapSelector.cpp(42,61): warning C4244: 'argument': conversion from 'int' to 'float', possible loss of data
C:\Users\GGPC\Documents\GitHub\GD2S02-Assesment\Game\Game\CMapSelector.cpp(42,45): warning C4244: 'argument': conversion from 'int' to 'float', possible loss of data
C:\Users\GGPC\Documents\GitHub\GD2S02-Assesment\Game\Game\CMapSelector.cpp(46,74): warning C4244: 'argument': conversion from 'int' to 'T', possible loss of data
          with
          [
              T=float
          ]
C:\Users\GGPC\Documents\GitHub\GD2S02-Assesment\Game\Game\CMapSelector.cpp(46,61): warning C4244: 'argument': conversion from 'int' to 'T', possible loss of data
          with
          [
              T=float
          ]
C:\Users\GGPC\Documents\GitHub\GD2S02-Assesment\Game\Game\CMapSelector.cpp(48,61): warning C4244: 'argument': conversion from 'int' to 'float', possible loss of data
C:\Users\GGPC\Documents\GitHub\GD2S02-Assesment\Game\Game\CMapSelector.cpp(48,45): warning C4244: 'argument': conversion from 'int' to 'float', possible loss of data
  CMenu.cpp
C:\Users\GGPC\Documents\GitHub\GD2S02-Assesment\Game\Game\CMenu.cpp(46,69): warning C4244: 'argument': conversion from 'int' to 'T', possible loss of data
          with
          [
              T=float
          ]
C:\Users\GGPC\Documents\GitHub\GD2S02-Assesment\Game\Game\CMenu.cpp(46,56): warning C4244: 'argument': conversion from 'int' to 'T', possible loss of data
          with
          [
              T=float
          ]
C:\Users\GGPC\Documents\GitHub\GD2S02-Assesment\Game\Game\CMenu.cpp(52,73): warning C4244: 'argument': conversion from 'int' to 'T', possible loss of data
          with
          [
              T=float
          ]
C:\Users\GGPC\Documents\GitHub\GD2S02-Assesment\Game\Game\CMenu.cpp(52,60): warning C4244: 'argument': conversion from 'int' to 'T', possible loss of data
          with
          [
              T=float
          ]
C:\Users\GGPC\Documents\GitHub\GD2S02-Assesment\Game\Game\CMenu.cpp(58,69): warning C4244: 'argument': conversion from 'int' to 'T', possible loss of data
          with
          [
              T=float
          ]
C:\Users\GGPC\Documents\GitHub\GD2S02-Assesment\Game\Game\CMenu.cpp(58,56): warning C4244: 'argument': conversion from 'int' to 'T', possible loss of data
          with
          [
              T=float
          ]
C:\Users\GGPC\Documents\GitHub\GD2S02-Assesment\Game\Game\CMenu.cpp(64,69): warning C4244: 'argument': conversion from 'int' to 'T', possible loss of data
          with
          [
              T=float
          ]
C:\Users\GGPC\Documents\GitHub\GD2S02-Assesment\Game\Game\CMenu.cpp(64,56): warning C4244: 'argument': conversion from 'int' to 'T', possible loss of data
          with
          [
              T=float
          ]
  CPhysicsBody.cpp
  CPlayer.cpp
C:\Users\GGPC\Documents\GitHub\GD2S02-Assesment\Game\Game\CPlayer.cpp(124,42): warning C4244: 'argument': conversion from 'int' to 'float', possible loss of data
C:\Users\GGPC\Documents\GitHub\GD2S02-Assesment\Game\Game\CPlayer.cpp(123,43): warning C4244: 'argument': conversion from 'int' to 'float', possible loss of data
  CSpikeTrap.cpp
  CTurret.cpp
  CUpdatedObject.cpp
  CWall.cpp
  CWeaponBox.cpp
  CWeaponUI.cpp
  CWeapons.cpp
C:\Users\GGPC\Documents\GitHub\GD2S02-Assesment\Game\Game\CWeapons.cpp(242,16): warning C4244: 'argument': conversion from 'int' to 'float', possible loss of data
C:\Users\GGPC\Documents\GitHub\GD2S02-Assesment\Game\Game\CWeapons.cpp(248,16): warning C4244: 'argument': conversion from 'int' to 'float', possible loss of data
C:\Users\GGPC\Documents\GitHub\GD2S02-Assesment\Game\Game\CWeapons.cpp(249,154): warning C4244: 'argument': conversion from 'double' to 'float', possible loss of data
C:\Users\GGPC\Documents\GitHub\GD2S02-Assesment\Game\Game\CWeapons.cpp(249,16): warning C4244: 'argument': conversion from 'int' to 'float', possible loss of data
C:\Users\GGPC\Documents\GitHub\GD2S02-Assesment\Game\Game\CWeapons.cpp(250,127): warning C4244: 'argument': conversion from 'double' to 'float', possible loss of data
C:\Users\GGPC\Documents\GitHub\GD2S02-Assesment\Game\Game\CWeapons.cpp(250,16): warning C4244: 'argument': conversion from 'int' to 'float', possible loss of data
  WinScene.cpp
C:\Users\GGPC\Documents\GitHub\GD2S02-Assesment\Game\Game\WinScene.cpp(156,15): warning C4101: 'event': unreferenced local variable
C:\Users\GGPC\Documents\GitHub\GD2S02-Assesment\Game\Game\WinScene.cpp(238,28): warning C4244: 'argument': conversion from 'int' to 'T', possible loss of data
          with
          [
              T=float
          ]
C:\Users\GGPC\Documents\GitHub\GD2S02-Assesment\Game\Game\WinScene.cpp(238,25): warning C4244: 'argument': conversion from 'int' to 'T', possible loss of data
          with
          [
              T=float
          ]
  main.cpp
  Generating Code...
  Game.vcxproj -> C:\Users\GGPC\Documents\GitHub\GD2S02-Assesment\Game\x64\Debug\Game.exe
