d:\projects\gd2s02-assesment\game\game\x64\debug\vc142.pdb
d:\projects\gd2s02-assesment\game\game\x64\debug\vc142.idb
d:\projects\gd2s02-assesment\game\game\x64\debug\winscene.obj
d:\projects\gd2s02-assesment\game\game\x64\debug\mathutils.obj
d:\projects\gd2s02-assesment\game\game\x64\debug\cplayer.obj
d:\projects\gd2s02-assesment\game\game\x64\debug\main.obj
d:\projects\gd2s02-assesment\game\game\x64\debug\level.obj
d:\projects\gd2s02-assesment\game\game\x64\debug\cwall.obj
d:\projects\gd2s02-assesment\game\game\x64\debug\cupdatedobject.obj
d:\projects\gd2s02-assesment\game\game\x64\debug\cturret.obj
d:\projects\gd2s02-assesment\game\game\x64\debug\cspiketrap.obj
d:\projects\gd2s02-assesment\game\game\x64\debug\csound.obj
d:\projects\gd2s02-assesment\game\game\x64\debug\cphysicsbody.obj
d:\projects\gd2s02-assesment\game\game\x64\debug\cmapplacebase.obj
d:\projects\gd2s02-assesment\game\game\x64\debug\cgameobject.obj
d:\projects\gd2s02-assesment\game\game\x64\debug\cmanager.obj
d:\projects\gd2s02-assesment\game\game\x64\debug\clevelmaker.obj
d:\projects\gd2s02-assesment\game\game\x64\debug\cgun.obj
d:\projects\gd2s02-assesment\game\game\x64\debug\cground.obj
d:\projects\gd2s02-assesment\game\game\x64\debug\cbullet.obj
d:\projects\gd2s02-assesment\game\x64\debug\game.pdb
d:\projects\gd2s02-assesment\game\game\x64\debug\game.tlog\cl.command.1.tlog
d:\projects\gd2s02-assesment\game\game\x64\debug\game.tlog\cl.read.1.tlog
d:\projects\gd2s02-assesment\game\game\x64\debug\game.tlog\cl.write.1.tlog
d:\projects\gd2s02-assesment\game\game\x64\debug\game.tlog\link-cvtres.read.1.tlog
d:\projects\gd2s02-assesment\game\game\x64\debug\game.tlog\link-cvtres.write.1.tlog
d:\projects\gd2s02-assesment\game\game\x64\debug\game.tlog\link-rc.read.1.tlog
d:\projects\gd2s02-assesment\game\game\x64\debug\game.tlog\link-rc.write.1.tlog
d:\projects\gd2s02-assesment\game\game\x64\debug\game.tlog\link.command.1.tlog
d:\projects\gd2s02-assesment\game\game\x64\debug\game.tlog\link.read.1.tlog
d:\projects\gd2s02-assesment\game\game\x64\debug\game.tlog\link.write.1.tlog
