C:\Program Files (x86)\Microsoft Visual Studio\2019\Community\MSBuild\Microsoft\VC\v160\Microsoft.CppBuild.targets(504,5): warning MSB8004: Intermediate Directory does not end with a trailing slash.  This build instance will add the slash as it is required to allow proper evaluation of the Intermediate Directory.
  CBullet.cpp
  CGround.cpp
  CGun.cpp
  CHealthBar.cpp
  CLevelMaker.cpp
C:\Users\GGPC\OneDrive\Documents\MDS SCHOOLWORK\SoftwareEngineeringGitHUB\GD2S02-Assesment\GD2S02-Assesment\Game\Game\CLevelMaker.cpp(149,64): warning C4244: 'argument': conversion from 'int' to 'T', possible loss of data
          with
          [
              T=float
          ]
C:\Users\GGPC\OneDrive\Documents\MDS SCHOOLWORK\SoftwareEngineeringGitHUB\GD2S02-Assesment\GD2S02-Assesment\Game\Game\CLevelMaker.cpp(149,50): warning C4244: 'argument': conversion from 'int' to 'T', possible loss of data
          with
          [
              T=float
          ]
C:\Users\GGPC\OneDrive\Documents\MDS SCHOOLWORK\SoftwareEngineeringGitHUB\GD2S02-Assesment\GD2S02-Assesment\Game\Game\CLevelMaker.cpp(152,62): warning C4244: 'argument': conversion from 'int' to 'T', possible loss of data
          with
          [
              T=float
          ]
C:\Users\GGPC\OneDrive\Documents\MDS SCHOOLWORK\SoftwareEngineeringGitHUB\GD2S02-Assesment\GD2S02-Assesment\Game\Game\CLevelMaker.cpp(152,48): warning C4244: 'argument': conversion from 'int' to 'T', possible loss of data
          with
          [
              T=float
          ]
C:\Users\GGPC\OneDrive\Documents\MDS SCHOOLWORK\SoftwareEngineeringGitHUB\GD2S02-Assesment\GD2S02-Assesment\Game\Game\CLevelMaker.cpp(155,62): warning C4244: 'argument': conversion from 'int' to 'T', possible loss of data
          with
          [
              T=float
          ]
C:\Users\GGPC\OneDrive\Documents\MDS SCHOOLWORK\SoftwareEngineeringGitHUB\GD2S02-Assesment\GD2S02-Assesment\Game\Game\CLevelMaker.cpp(155,48): warning C4244: 'argument': conversion from 'int' to 'T', possible loss of data
          with
          [
              T=float
          ]
C:\Users\GGPC\OneDrive\Documents\MDS SCHOOLWORK\SoftwareEngineeringGitHUB\GD2S02-Assesment\GD2S02-Assesment\Game\Game\CLevelMaker.cpp(158,67): warning C4244: 'argument': conversion from 'int' to 'T', possible loss of data
          with
          [
              T=float
          ]
C:\Users\GGPC\OneDrive\Documents\MDS SCHOOLWORK\SoftwareEngineeringGitHUB\GD2S02-Assesment\GD2S02-Assesment\Game\Game\CLevelMaker.cpp(158,53): warning C4244: 'argument': conversion from 'int' to 'T', possible loss of data
          with
          [
              T=float
          ]
C:\Users\GGPC\OneDrive\Documents\MDS SCHOOLWORK\SoftwareEngineeringGitHUB\GD2S02-Assesment\GD2S02-Assesment\Game\Game\CLevelMaker.cpp(161,64): warning C4244: 'argument': conversion from 'int' to 'T', possible loss of data
          with
          [
              T=float
          ]
C:\Users\GGPC\OneDrive\Documents\MDS SCHOOLWORK\SoftwareEngineeringGitHUB\GD2S02-Assesment\GD2S02-Assesment\Game\Game\CLevelMaker.cpp(161,50): warning C4244: 'argument': conversion from 'int' to 'T', possible loss of data
          with
          [
              T=float
          ]
  CManager.cpp
C:\Users\GGPC\OneDrive\Documents\MDS SCHOOLWORK\SoftwareEngineeringGitHUB\GD2S02-Assesment\GD2S02-Assesment\Game\Game\CManager.cpp(89,70): warning C4244: 'argument': conversion from 'T' to 'unsigned int', possible loss of data
          with
          [
              T=float
          ]
C:\Users\GGPC\OneDrive\Documents\MDS SCHOOLWORK\SoftwareEngineeringGitHUB\GD2S02-Assesment\GD2S02-Assesment\Game\Game\CManager.cpp(89,56): warning C4244: 'argument': conversion from 'T' to 'unsigned int', possible loss of data
          with
          [
              T=float
          ]
C:\Users\GGPC\OneDrive\Documents\MDS SCHOOLWORK\SoftwareEngineeringGitHUB\GD2S02-Assesment\GD2S02-Assesment\Game\Game\CManager.cpp(132,48): warning C4267: 'initializing': conversion from 'size_t' to 'int', possible loss of data
C:\Users\GGPC\OneDrive\Documents\MDS SCHOOLWORK\SoftwareEngineeringGitHUB\GD2S02-Assesment\GD2S02-Assesment\Game\Game\CManager.cpp(132,48): warning C4267: 'initializing': conversion from 'size_t' to 'const int', possible loss of data
  CGameObject.cpp
  CMapPlaceBase.cpp
  CMapSelector.cpp
C:\Users\GGPC\OneDrive\Documents\MDS SCHOOLWORK\SoftwareEngineeringGitHUB\GD2S02-Assesment\GD2S02-Assesment\Game\Game\CMapSelector.cpp(26,74): warning C4244: 'argument': conversion from 'int' to 'T', possible loss of data
          with
          [
              T=float
          ]
C:\Users\GGPC\OneDrive\Documents\MDS SCHOOLWORK\SoftwareEngineeringGitHUB\GD2S02-Assesment\GD2S02-Assesment\Game\Game\CMapSelector.cpp(26,61): warning C4244: 'argument': conversion from 'int' to 'T', possible loss of data
          with
          [
              T=float
          ]
C:\Users\GGPC\OneDrive\Documents\MDS SCHOOLWORK\SoftwareEngineeringGitHUB\GD2S02-Assesment\GD2S02-Assesment\Game\Game\CMapSelector.cpp(28,61): warning C4244: 'argument': conversion from 'int' to 'float', possible loss of data
C:\Users\GGPC\OneDrive\Documents\MDS SCHOOLWORK\SoftwareEngineeringGitHUB\GD2S02-Assesment\GD2S02-Assesment\Game\Game\CMapSelector.cpp(28,45): warning C4244: 'argument': conversion from 'int' to 'float', possible loss of data
  CMenu.cpp
C:\Users\GGPC\OneDrive\Documents\MDS SCHOOLWORK\SoftwareEngineeringGitHUB\GD2S02-Assesment\GD2S02-Assesment\Game\Game\CMenu.cpp(46,69): warning C4244: 'argument': conversion from 'int' to 'T', possible loss of data
          with
          [
              T=float
          ]
C:\Users\GGPC\OneDrive\Documents\MDS SCHOOLWORK\SoftwareEngineeringGitHUB\GD2S02-Assesment\GD2S02-Assesment\Game\Game\CMenu.cpp(46,56): warning C4244: 'argument': conversion from 'int' to 'T', possible loss of data
          with
          [
              T=float
          ]
C:\Users\GGPC\OneDrive\Documents\MDS SCHOOLWORK\SoftwareEngineeringGitHUB\GD2S02-Assesment\GD2S02-Assesment\Game\Game\CMenu.cpp(52,73): warning C4244: 'argument': conversion from 'int' to 'T', possible loss of data
          with
          [
              T=float
          ]
C:\Users\GGPC\OneDrive\Documents\MDS SCHOOLWORK\SoftwareEngineeringGitHUB\GD2S02-Assesment\GD2S02-Assesment\Game\Game\CMenu.cpp(52,60): warning C4244: 'argument': conversion from 'int' to 'T', possible loss of data
          with
          [
              T=float
          ]
C:\Users\GGPC\OneDrive\Documents\MDS SCHOOLWORK\SoftwareEngineeringGitHUB\GD2S02-Assesment\GD2S02-Assesment\Game\Game\CMenu.cpp(58,69): warning C4244: 'argument': conversion from 'int' to 'T', possible loss of data
          with
          [
              T=float
          ]
C:\Users\GGPC\OneDrive\Documents\MDS SCHOOLWORK\SoftwareEngineeringGitHUB\GD2S02-Assesment\GD2S02-Assesment\Game\Game\CMenu.cpp(58,56): warning C4244: 'argument': conversion from 'int' to 'T', possible loss of data
          with
          [
              T=float
          ]
C:\Users\GGPC\OneDrive\Documents\MDS SCHOOLWORK\SoftwareEngineeringGitHUB\GD2S02-Assesment\GD2S02-Assesment\Game\Game\CMenu.cpp(64,69): warning C4244: 'argument': conversion from 'int' to 'T', possible loss of data
          with
          [
              T=float
          ]
C:\Users\GGPC\OneDrive\Documents\MDS SCHOOLWORK\SoftwareEngineeringGitHUB\GD2S02-Assesment\GD2S02-Assesment\Game\Game\CMenu.cpp(64,56): warning C4244: 'argument': conversion from 'int' to 'T', possible loss of data
          with
          [
              T=float
          ]
  CPhysicsBody.cpp
  CSound.cpp
  CSpikeTrap.cpp
  CTurret.cpp
  CUpdatedObject.cpp
  CWall.cpp
  CWeaponBox.cpp
  CWeapons.cpp
C:\Users\GGPC\OneDrive\Documents\MDS SCHOOLWORK\SoftwareEngineeringGitHUB\GD2S02-Assesment\GD2S02-Assesment\Game\Game\CWeapons.cpp(242,16): warning C4244: 'argument': conversion from 'int' to 'float', possible loss of data
C:\Users\GGPC\OneDrive\Documents\MDS SCHOOLWORK\SoftwareEngineeringGitHUB\GD2S02-Assesment\GD2S02-Assesment\Game\Game\CWeapons.cpp(248,16): warning C4244: 'argument': conversion from 'int' to 'float', possible loss of data
C:\Users\GGPC\OneDrive\Documents\MDS SCHOOLWORK\SoftwareEngineeringGitHUB\GD2S02-Assesment\GD2S02-Assesment\Game\Game\CWeapons.cpp(249,154): warning C4244: 'argument': conversion from 'double' to 'float', possible loss of data
C:\Users\GGPC\OneDrive\Documents\MDS SCHOOLWORK\SoftwareEngineeringGitHUB\GD2S02-Assesment\GD2S02-Assesment\Game\Game\CWeapons.cpp(249,16): warning C4244: 'argument': conversion from 'int' to 'float', possible loss of data
C:\Users\GGPC\OneDrive\Documents\MDS SCHOOLWORK\SoftwareEngineeringGitHUB\GD2S02-Assesment\GD2S02-Assesment\Game\Game\CWeapons.cpp(250,127): warning C4244: 'argument': conversion from 'double' to 'float', possible loss of data
C:\Users\GGPC\OneDrive\Documents\MDS SCHOOLWORK\SoftwareEngineeringGitHUB\GD2S02-Assesment\GD2S02-Assesment\Game\Game\CWeapons.cpp(250,16): warning C4244: 'argument': conversion from 'int' to 'float', possible loss of data
  CWeaponUI.cpp
  Level.cpp
  Generating Code...
  Compiling...
  main.cpp
  CPlayer.cpp
C:\Users\GGPC\OneDrive\Documents\MDS SCHOOLWORK\SoftwareEngineeringGitHUB\GD2S02-Assesment\GD2S02-Assesment\Game\Game\CPlayer.cpp(124,42): warning C4244: 'argument': conversion from 'int' to 'float', possible loss of data
C:\Users\GGPC\OneDrive\Documents\MDS SCHOOLWORK\SoftwareEngineeringGitHUB\GD2S02-Assesment\GD2S02-Assesment\Game\Game\CPlayer.cpp(123,43): warning C4244: 'argument': conversion from 'int' to 'float', possible loss of data
  MathUtils.cpp
  WinScene.cpp
C:\Users\GGPC\OneDrive\Documents\MDS SCHOOLWORK\SoftwareEngineeringGitHUB\GD2S02-Assesment\GD2S02-Assesment\Game\Game\WinScene.cpp(170,28): warning C4244: 'argument': conversion from 'int' to 'T', possible loss of data
          with
          [
              T=float
          ]
C:\Users\GGPC\OneDrive\Documents\MDS SCHOOLWORK\SoftwareEngineeringGitHUB\GD2S02-Assesment\GD2S02-Assesment\Game\Game\WinScene.cpp(170,25): warning C4244: 'argument': conversion from 'int' to 'T', possible loss of data
          with
          [
              T=float
          ]
  Generating Code...
box2d-d.lib(b2_broad_phase.obj) : warning LNK4099: PDB 'box2d.pdb' was not found with 'box2d-d.lib(b2_broad_phase.obj)' or at 'C:\Users\GGPC\OneDrive\Documents\MDS SCHOOLWORK\SoftwareEngineeringGitHUB\GD2S02-Assesment\GD2S02-Assesment\Game\x64\Debug\box2d.pdb'; linking object as if no debug info
box2d-d.lib(b2_chain_shape.obj) : warning LNK4099: PDB 'box2d.pdb' was not found with 'box2d-d.lib(b2_chain_shape.obj)' or at 'C:\Users\GGPC\OneDrive\Documents\MDS SCHOOLWORK\SoftwareEngineeringGitHUB\GD2S02-Assesment\GD2S02-Assesment\Game\x64\Debug\box2d.pdb'; linking object as if no debug info
box2d-d.lib(b2_circle_shape.obj) : warning LNK4099: PDB 'box2d.pdb' was not found with 'box2d-d.lib(b2_circle_shape.obj)' or at 'C:\Users\GGPC\OneDrive\Documents\MDS SCHOOLWORK\SoftwareEngineeringGitHUB\GD2S02-Assesment\GD2S02-Assesment\Game\x64\Debug\box2d.pdb'; linking object as if no debug info
box2d-d.lib(b2_collide_circle.obj) : warning LNK4099: PDB 'box2d.pdb' was not found with 'box2d-d.lib(b2_collide_circle.obj)' or at 'C:\Users\GGPC\OneDrive\Documents\MDS SCHOOLWORK\SoftwareEngineeringGitHUB\GD2S02-Assesment\GD2S02-Assesment\Game\x64\Debug\box2d.pdb'; linking object as if no debug info
box2d-d.lib(b2_collide_edge.obj) : warning LNK4099: PDB 'box2d.pdb' was not found with 'box2d-d.lib(b2_collide_edge.obj)' or at 'C:\Users\GGPC\OneDrive\Documents\MDS SCHOOLWORK\SoftwareEngineeringGitHUB\GD2S02-Assesment\GD2S02-Assesment\Game\x64\Debug\box2d.pdb'; linking object as if no debug info
box2d-d.lib(b2_collide_polygon.obj) : warning LNK4099: PDB 'box2d.pdb' was not found with 'box2d-d.lib(b2_collide_polygon.obj)' or at 'C:\Users\GGPC\OneDrive\Documents\MDS SCHOOLWORK\SoftwareEngineeringGitHUB\GD2S02-Assesment\GD2S02-Assesment\Game\x64\Debug\box2d.pdb'; linking object as if no debug info
box2d-d.lib(b2_collision.obj) : warning LNK4099: PDB 'box2d.pdb' was not found with 'box2d-d.lib(b2_collision.obj)' or at 'C:\Users\GGPC\OneDrive\Documents\MDS SCHOOLWORK\SoftwareEngineeringGitHUB\GD2S02-Assesment\GD2S02-Assesment\Game\x64\Debug\box2d.pdb'; linking object as if no debug info
box2d-d.lib(b2_distance.obj) : warning LNK4099: PDB 'box2d.pdb' was not found with 'box2d-d.lib(b2_distance.obj)' or at 'C:\Users\GGPC\OneDrive\Documents\MDS SCHOOLWORK\SoftwareEngineeringGitHUB\GD2S02-Assesment\GD2S02-Assesment\Game\x64\Debug\box2d.pdb'; linking object as if no debug info
box2d-d.lib(b2_dynamic_tree.obj) : warning LNK4099: PDB 'box2d.pdb' was not found with 'box2d-d.lib(b2_dynamic_tree.obj)' or at 'C:\Users\GGPC\OneDrive\Documents\MDS SCHOOLWORK\SoftwareEngineeringGitHUB\GD2S02-Assesment\GD2S02-Assesment\Game\x64\Debug\box2d.pdb'; linking object as if no debug info
box2d-d.lib(b2_edge_shape.obj) : warning LNK4099: PDB 'box2d.pdb' was not found with 'box2d-d.lib(b2_edge_shape.obj)' or at 'C:\Users\GGPC\OneDrive\Documents\MDS SCHOOLWORK\SoftwareEngineeringGitHUB\GD2S02-Assesment\GD2S02-Assesment\Game\x64\Debug\box2d.pdb'; linking object as if no debug info
box2d-d.lib(b2_polygon_shape.obj) : warning LNK4099: PDB 'box2d.pdb' was not found with 'box2d-d.lib(b2_polygon_shape.obj)' or at 'C:\Users\GGPC\OneDrive\Documents\MDS SCHOOLWORK\SoftwareEngineeringGitHUB\GD2S02-Assesment\GD2S02-Assesment\Game\x64\Debug\box2d.pdb'; linking object as if no debug info
box2d-d.lib(b2_time_of_impact.obj) : warning LNK4099: PDB 'box2d.pdb' was not found with 'box2d-d.lib(b2_time_of_impact.obj)' or at 'C:\Users\GGPC\OneDrive\Documents\MDS SCHOOLWORK\SoftwareEngineeringGitHUB\GD2S02-Assesment\GD2S02-Assesment\Game\x64\Debug\box2d.pdb'; linking object as if no debug info
box2d-d.lib(b2_block_allocator.obj) : warning LNK4099: PDB 'box2d.pdb' was not found with 'box2d-d.lib(b2_block_allocator.obj)' or at 'C:\Users\GGPC\OneDrive\Documents\MDS SCHOOLWORK\SoftwareEngineeringGitHUB\GD2S02-Assesment\GD2S02-Assesment\Game\x64\Debug\box2d.pdb'; linking object as if no debug info
box2d-d.lib(b2_draw.obj) : warning LNK4099: PDB 'box2d.pdb' was not found with 'box2d-d.lib(b2_draw.obj)' or at 'C:\Users\GGPC\OneDrive\Documents\MDS SCHOOLWORK\SoftwareEngineeringGitHUB\GD2S02-Assesment\GD2S02-Assesment\Game\x64\Debug\box2d.pdb'; linking object as if no debug info
box2d-d.lib(b2_math.obj) : warning LNK4099: PDB 'box2d.pdb' was not found with 'box2d-d.lib(b2_math.obj)' or at 'C:\Users\GGPC\OneDrive\Documents\MDS SCHOOLWORK\SoftwareEngineeringGitHUB\GD2S02-Assesment\GD2S02-Assesment\Game\x64\Debug\box2d.pdb'; linking object as if no debug info
box2d-d.lib(b2_settings.obj) : warning LNK4099: PDB 'box2d.pdb' was not found with 'box2d-d.lib(b2_settings.obj)' or at 'C:\Users\GGPC\OneDrive\Documents\MDS SCHOOLWORK\SoftwareEngineeringGitHUB\GD2S02-Assesment\GD2S02-Assesment\Game\x64\Debug\box2d.pdb'; linking object as if no debug info
box2d-d.lib(b2_stack_allocator.obj) : warning LNK4099: PDB 'box2d.pdb' was not found with 'box2d-d.lib(b2_stack_allocator.obj)' or at 'C:\Users\GGPC\OneDrive\Documents\MDS SCHOOLWORK\SoftwareEngineeringGitHUB\GD2S02-Assesment\GD2S02-Assesment\Game\x64\Debug\box2d.pdb'; linking object as if no debug info
box2d-d.lib(b2_timer.obj) : warning LNK4099: PDB 'box2d.pdb' was not found with 'box2d-d.lib(b2_timer.obj)' or at 'C:\Users\GGPC\OneDrive\Documents\MDS SCHOOLWORK\SoftwareEngineeringGitHUB\GD2S02-Assesment\GD2S02-Assesment\Game\x64\Debug\box2d.pdb'; linking object as if no debug info
box2d-d.lib(b2_body.obj) : warning LNK4099: PDB 'box2d.pdb' was not found with 'box2d-d.lib(b2_body.obj)' or at 'C:\Users\GGPC\OneDrive\Documents\MDS SCHOOLWORK\SoftwareEngineeringGitHUB\GD2S02-Assesment\GD2S02-Assesment\Game\x64\Debug\box2d.pdb'; linking object as if no debug info
box2d-d.lib(b2_chain_circle_contact.obj) : warning LNK4099: PDB 'box2d.pdb' was not found with 'box2d-d.lib(b2_chain_circle_contact.obj)' or at 'C:\Users\GGPC\OneDrive\Documents\MDS SCHOOLWORK\SoftwareEngineeringGitHUB\GD2S02-Assesment\GD2S02-Assesment\Game\x64\Debug\box2d.pdb'; linking object as if no debug info
box2d-d.lib(b2_chain_polygon_contact.obj) : warning LNK4099: PDB 'box2d.pdb' was not found with 'box2d-d.lib(b2_chain_polygon_contact.obj)' or at 'C:\Users\GGPC\OneDrive\Documents\MDS SCHOOLWORK\SoftwareEngineeringGitHUB\GD2S02-Assesment\GD2S02-Assesment\Game\x64\Debug\box2d.pdb'; linking object as if no debug info
box2d-d.lib(b2_circle_contact.obj) : warning LNK4099: PDB 'box2d.pdb' was not found with 'box2d-d.lib(b2_circle_contact.obj)' or at 'C:\Users\GGPC\OneDrive\Documents\MDS SCHOOLWORK\SoftwareEngineeringGitHUB\GD2S02-Assesment\GD2S02-Assesment\Game\x64\Debug\box2d.pdb'; linking object as if no debug info
box2d-d.lib(b2_contact.obj) : warning LNK4099: PDB 'box2d.pdb' was not found with 'box2d-d.lib(b2_contact.obj)' or at 'C:\Users\GGPC\OneDrive\Documents\MDS SCHOOLWORK\SoftwareEngineeringGitHUB\GD2S02-Assesment\GD2S02-Assesment\Game\x64\Debug\box2d.pdb'; linking object as if no debug info
box2d-d.lib(b2_contact_manager.obj) : warning LNK4099: PDB 'box2d.pdb' was not found with 'box2d-d.lib(b2_contact_manager.obj)' or at 'C:\Users\GGPC\OneDrive\Documents\MDS SCHOOLWORK\SoftwareEngineeringGitHUB\GD2S02-Assesment\GD2S02-Assesment\Game\x64\Debug\box2d.pdb'; linking object as if no debug info
box2d-d.lib(b2_contact_solver.obj) : warning LNK4099: PDB 'box2d.pdb' was not found with 'box2d-d.lib(b2_contact_solver.obj)' or at 'C:\Users\GGPC\OneDrive\Documents\MDS SCHOOLWORK\SoftwareEngineeringGitHUB\GD2S02-Assesment\GD2S02-Assesment\Game\x64\Debug\box2d.pdb'; linking object as if no debug info
box2d-d.lib(b2_distance_joint.obj) : warning LNK4099: PDB 'box2d.pdb' was not found with 'box2d-d.lib(b2_distance_joint.obj)' or at 'C:\Users\GGPC\OneDrive\Documents\MDS SCHOOLWORK\SoftwareEngineeringGitHUB\GD2S02-Assesment\GD2S02-Assesment\Game\x64\Debug\box2d.pdb'; linking object as if no debug info
box2d-d.lib(b2_edge_circle_contact.obj) : warning LNK4099: PDB 'box2d.pdb' was not found with 'box2d-d.lib(b2_edge_circle_contact.obj)' or at 'C:\Users\GGPC\OneDrive\Documents\MDS SCHOOLWORK\SoftwareEngineeringGitHUB\GD2S02-Assesment\GD2S02-Assesment\Game\x64\Debug\box2d.pdb'; linking object as if no debug info
box2d-d.lib(b2_edge_polygon_contact.obj) : warning LNK4099: PDB '' was not found with 'box2d-d.lib(b2_edge_polygon_contact.obj)' or at ''; linking object as if no debug info
box2d-d.lib(b2_fixture.obj) : warning LNK4099: PDB 'box2d.pdb' was not found with 'box2d-d.lib(b2_fixture.obj)' or at 'C:\Users\GGPC\OneDrive\Documents\MDS SCHOOLWORK\SoftwareEngineeringGitHUB\GD2S02-Assesment\GD2S02-Assesment\Game\x64\Debug\box2d.pdb'; linking object as if no debug info
box2d-d.lib(b2_friction_joint.obj) : warning LNK4099: PDB 'box2d.pdb' was not found with 'box2d-d.lib(b2_friction_joint.obj)' or at 'C:\Users\GGPC\OneDrive\Documents\MDS SCHOOLWORK\SoftwareEngineeringGitHUB\GD2S02-Assesment\GD2S02-Assesment\Game\x64\Debug\box2d.pdb'; linking object as if no debug info
box2d-d.lib(b2_gear_joint.obj) : warning LNK4099: PDB '' was not found with 'box2d-d.lib(b2_gear_joint.obj)' or at ''; linking object as if no debug info
box2d-d.lib(b2_island.obj) : warning LNK4099: PDB 'box2d.pdb' was not found with 'box2d-d.lib(b2_island.obj)' or at 'C:\Users\GGPC\OneDrive\Documents\MDS SCHOOLWORK\SoftwareEngineeringGitHUB\GD2S02-Assesment\GD2S02-Assesment\Game\x64\Debug\box2d.pdb'; linking object as if no debug info
box2d-d.lib(b2_joint.obj) : warning LNK4099: PDB 'box2d.pdb' was not found with 'box2d-d.lib(b2_joint.obj)' or at 'C:\Users\GGPC\OneDrive\Documents\MDS SCHOOLWORK\SoftwareEngineeringGitHUB\GD2S02-Assesment\GD2S02-Assesment\Game\x64\Debug\box2d.pdb'; linking object as if no debug info
box2d-d.lib(b2_motor_joint.obj) : warning LNK4099: PDB 'box2d.pdb' was not found with 'box2d-d.lib(b2_motor_joint.obj)' or at 'C:\Users\GGPC\OneDrive\Documents\MDS SCHOOLWORK\SoftwareEngineeringGitHUB\GD2S02-Assesment\GD2S02-Assesment\Game\x64\Debug\box2d.pdb'; linking object as if no debug info
box2d-d.lib(b2_mouse_joint.obj) : warning LNK4099: PDB 'box2d.pdb' was not found with 'box2d-d.lib(b2_mouse_joint.obj)' or at 'C:\Users\GGPC\OneDrive\Documents\MDS SCHOOLWORK\SoftwareEngineeringGitHUB\GD2S02-Assesment\GD2S02-Assesment\Game\x64\Debug\box2d.pdb'; linking object as if no debug info
box2d-d.lib(b2_polygon_circle_contact.obj) : warning LNK4099: PDB 'box2d.pdb' was not found with 'box2d-d.lib(b2_polygon_circle_contact.obj)' or at 'C:\Users\GGPC\OneDrive\Documents\MDS SCHOOLWORK\SoftwareEngineeringGitHUB\GD2S02-Assesment\GD2S02-Assesment\Game\x64\Debug\box2d.pdb'; linking object as if no debug info
box2d-d.lib(b2_polygon_contact.obj) : warning LNK4099: PDB 'box2d.pdb' was not found with 'box2d-d.lib(b2_polygon_contact.obj)' or at 'C:\Users\GGPC\OneDrive\Documents\MDS SCHOOLWORK\SoftwareEngineeringGitHUB\GD2S02-Assesment\GD2S02-Assesment\Game\x64\Debug\box2d.pdb'; linking object as if no debug info
box2d-d.lib(b2_prismatic_joint.obj) : warning LNK4099: PDB 'box2d.pdb' was not found with 'box2d-d.lib(b2_prismatic_joint.obj)' or at 'C:\Users\GGPC\OneDrive\Documents\MDS SCHOOLWORK\SoftwareEngineeringGitHUB\GD2S02-Assesment\GD2S02-Assesment\Game\x64\Debug\box2d.pdb'; linking object as if no debug info
box2d-d.lib(b2_pulley_joint.obj) : warning LNK4099: PDB '' was not found with 'box2d-d.lib(b2_pulley_joint.obj)' or at ''; linking object as if no debug info
box2d-d.lib(b2_revolute_joint.obj) : warning LNK4099: PDB 'box2d.pdb' was not found with 'box2d-d.lib(b2_revolute_joint.obj)' or at 'C:\Users\GGPC\OneDrive\Documents\MDS SCHOOLWORK\SoftwareEngineeringGitHUB\GD2S02-Assesment\GD2S02-Assesment\Game\x64\Debug\box2d.pdb'; linking object as if no debug info
box2d-d.lib(b2_weld_joint.obj) : warning LNK4099: PDB 'box2d.pdb' was not found with 'box2d-d.lib(b2_weld_joint.obj)' or at 'C:\Users\GGPC\OneDrive\Documents\MDS SCHOOLWORK\SoftwareEngineeringGitHUB\GD2S02-Assesment\GD2S02-Assesment\Game\x64\Debug\box2d.pdb'; linking object as if no debug info
box2d-d.lib(b2_wheel_joint.obj) : warning LNK4099: PDB 'box2d.pdb' was not found with 'box2d-d.lib(b2_wheel_joint.obj)' or at 'C:\Users\GGPC\OneDrive\Documents\MDS SCHOOLWORK\SoftwareEngineeringGitHUB\GD2S02-Assesment\GD2S02-Assesment\Game\x64\Debug\box2d.pdb'; linking object as if no debug info
box2d-d.lib(b2_world.obj) : warning LNK4099: PDB '' was not found with 'box2d-d.lib(b2_world.obj)' or at ''; linking object as if no debug info
box2d-d.lib(b2_world_callbacks.obj) : warning LNK4099: PDB 'box2d.pdb' was not found with 'box2d-d.lib(b2_world_callbacks.obj)' or at 'C:\Users\GGPC\OneDrive\Documents\MDS SCHOOLWORK\SoftwareEngineeringGitHUB\GD2S02-Assesment\GD2S02-Assesment\Game\x64\Debug\box2d.pdb'; linking object as if no debug info
  Game.vcxproj -> C:\Users\GGPC\OneDrive\Documents\MDS SCHOOLWORK\SoftwareEngineeringGitHUB\GD2S02-Assesment\GD2S02-Assesment\Game\x64\Debug\Game.exe
