  CBullet.cpp
  CGun.cpp
  CManager.cpp
C:\Users\User\Documents\GitHub\GD2S02-Assesment\Game\Game\CManager.cpp(6,10): warning C4067: unexpected tokens following preprocessor directive - expected a newline
C:\Users\User\Documents\GitHub\GD2S02-Assesment\Game\Game\CManager.cpp(57,70): warning C4244: 'argument': conversion from 'T' to 'unsigned int', possible loss of data
          with
          [
              T=float
          ]
C:\Users\User\Documents\GitHub\GD2S02-Assesment\Game\Game\CManager.cpp(57,56): warning C4244: 'argument': conversion from 'T' to 'unsigned int', possible loss of data
          with
          [
              T=float
          ]
C:\Users\User\Documents\GitHub\GD2S02-Assesment\Game\Game\CManager.cpp(122,53): warning C4267: 'initializing': conversion from 'size_t' to 'int', possible loss of data
C:\Users\User\Documents\GitHub\GD2S02-Assesment\Game\Game\CManager.cpp(122,53): warning C4267: 'initializing': conversion from 'size_t' to 'const int', possible loss of data
  CGameObject.cpp
C:\Users\User\Documents\GitHub\GD2S02-Assesment\Game\Game\CGameObject.cpp(8,48): warning C4150: deletion of pointer to incomplete type 'CPhysicsBody'; no destructor called
C:\Users\User\Documents\GitHub\GD2S02-Assesment\Game\Game\CGameObject.h(7): message : see declaration of 'CPhysicsBody'
  CPhysicsBody.cpp
  CUpdatedObject.cpp
  CWall.cpp
  main.cpp
  CPlayer.cpp
C:\Users\User\Documents\GitHub\GD2S02-Assesment\Game\Game\CPlayer.cpp(17,26): warning C4244: '=': conversion from 'float' to 'int', possible loss of data
C:\Users\User\Documents\GitHub\GD2S02-Assesment\Game\Game\CPlayer.cpp(80,42): warning C4244: 'argument': conversion from 'int' to 'float', possible loss of data
C:\Users\User\Documents\GitHub\GD2S02-Assesment\Game\Game\CPlayer.cpp(79,43): warning C4244: 'argument': conversion from 'int' to 'float', possible loss of data
C:\Users\User\Documents\GitHub\GD2S02-Assesment\Game\Game\CPlayer.cpp(116,22): warning C4244: '-=': conversion from 'float' to 'int', possible loss of data
  Generating code
  12 of 426 functions ( 2.8%) were compiled, the rest were copied from previous compilation.
    0 functions were new in current compilation
    6 functions had inline decision re-evaluated but remain unchanged
  Finished generating code
  Game.vcxproj -> C:\Users\User\Documents\GitHub\GD2S02-Assesment\Game\x64\Release\Game.exe
