c:\users\user\documents\github\gd2s02-assesment\game\game\x64\release\vc142.pdb
c:\users\user\documents\github\gd2s02-assesment\game\game\x64\release\cgun.obj
c:\users\user\documents\github\gd2s02-assesment\game\game\x64\release\main.obj
c:\users\user\documents\github\gd2s02-assesment\game\game\x64\release\cplayer.obj
c:\users\user\documents\github\gd2s02-assesment\game\game\x64\release\cwall.obj
c:\users\user\documents\github\gd2s02-assesment\game\game\x64\release\cupdatedobject.obj
c:\users\user\documents\github\gd2s02-assesment\game\game\x64\release\cphysicsbody.obj
c:\users\user\documents\github\gd2s02-assesment\game\game\x64\release\cgameobject.obj
c:\users\user\documents\github\gd2s02-assesment\game\game\x64\release\cmanager.obj
c:\users\user\documents\github\gd2s02-assesment\game\game\x64\release\cbullet.obj
c:\users\admin\documents\gd2s02-assesment\game\game\x64\release\vc142.pdb
c:\users\admin\documents\gd2s02-assesment\game\game\x64\release\cplayer.obj
c:\users\admin\documents\gd2s02-assesment\game\game\x64\release\main.obj
c:\users\admin\documents\gd2s02-assesment\game\game\x64\release\cwall.obj
c:\users\admin\documents\gd2s02-assesment\game\game\x64\release\cupdatedobject.obj
c:\users\admin\documents\gd2s02-assesment\game\game\x64\release\cphysicsbody.obj
c:\users\admin\documents\gd2s02-assesment\game\game\x64\release\cgameobject.obj
c:\users\admin\documents\gd2s02-assesment\game\game\x64\release\cmanager.obj
c:\users\admin\documents\gd2s02-assesment\game\game\x64\release\cgun.obj
c:\users\admin\documents\gd2s02-assesment\game\game\x64\release\cbullet.obj
c:\users\user\documents\github\gd2s02-assesment\game\x64\release\game.exe
c:\users\user\documents\github\gd2s02-assesment\game\game\x64\release\game.ipdb
c:\users\user\documents\github\gd2s02-assesment\game\game\x64\release\game.iobj
c:\users\user\documents\github\gd2s02-assesment\game\x64\release\game.pdb
c:\users\admin\documents\gd2s02-assesment\game\x64\release\game.exe
c:\users\admin\documents\gd2s02-assesment\game\game\x64\release\game.ipdb
c:\users\admin\documents\gd2s02-assesment\game\game\x64\release\game.iobj
c:\users\admin\documents\gd2s02-assesment\game\x64\release\game.pdb
c:\users\admin\documents\gd2s02-assesment\game\game\x64\release\game.tlog\cl.command.1.tlog
c:\users\admin\documents\gd2s02-assesment\game\game\x64\release\game.tlog\cl.read.1.tlog
c:\users\admin\documents\gd2s02-assesment\game\game\x64\release\game.tlog\cl.write.1.tlog
c:\users\admin\documents\gd2s02-assesment\game\game\x64\release\game.tlog\link.command.1.tlog
c:\users\admin\documents\gd2s02-assesment\game\game\x64\release\game.tlog\link.read.1.tlog
c:\users\admin\documents\gd2s02-assesment\game\game\x64\release\game.tlog\link.write.1.tlog
